0 info it worked if it ends with ok
1 verbose cli [ 'C:\\Program Files (x86)\\nodejs\\\\node.exe',
1 verbose cli   'C:\\Program Files (x86)\\nodejs\\node_modules\\npm\\bin\\npm-cli.js',
1 verbose cli   'i',
1 verbose cli   '--save-dev',
1 verbose cli   'chaijs' ]
2 info using npm@1.4.28
3 info using node@v0.10.33
4 verbose node symlink C:\Program Files (x86)\nodejs\\node.exe
5 warn package.json node-github-autopool@1.0.0 No description
6 warn package.json node-github-autopool@1.0.0 No repository field.
7 warn package.json node-github-autopool@1.0.0 No README data
8 warn package.json mocka@0.0.1 No description
9 warn package.json mocka@0.0.1 No repository field.
10 verbose readDependencies using package.json deps
11 verbose cache add [ 'chaijs', null ]
12 verbose cache add name=undefined spec="chaijs" args=["chaijs",null]
13 verbose parsed url { protocol: null,
13 verbose parsed url   slashes: null,
13 verbose parsed url   auth: null,
13 verbose parsed url   host: null,
13 verbose parsed url   port: null,
13 verbose parsed url   hostname: null,
13 verbose parsed url   hash: null,
13 verbose parsed url   search: null,
13 verbose parsed url   query: null,
13 verbose parsed url   pathname: 'chaijs',
13 verbose parsed url   path: 'chaijs',
13 verbose parsed url   href: 'chaijs' }
14 silly lockFile a48411f7-chaijs chaijs
15 verbose lock chaijs C:\Users\Administrator\AppData\Roaming\npm-cache\a48411f7-chaijs.lock
16 silly lockFile a48411f7-chaijs chaijs
17 silly lockFile a48411f7-chaijs chaijs
18 verbose addNamed [ 'chaijs', '' ]
19 verbose addNamed [ null, '*' ]
20 silly lockFile eac8706f-chaijs chaijs@
21 verbose lock chaijs@ C:\Users\Administrator\AppData\Roaming\npm-cache\eac8706f-chaijs.lock
22 silly addNameRange { name: 'chaijs', range: '*', hasData: false }
23 verbose request where is /chaijs
24 verbose request registry https://registry.npmjs.org/
25 verbose request id c4e500c7b4a5e2ee
26 verbose url raw /chaijs
27 verbose url resolving [ 'https://registry.npmjs.org/', './chaijs' ]
28 verbose url resolved https://registry.npmjs.org/chaijs
29 verbose request where is https://registry.npmjs.org/chaijs
30 info trying registry request attempt 1 at 21:02:34
31 http GET https://registry.npmjs.org/chaijs
32 http 404 https://registry.npmjs.org/chaijs
33 verbose headers { server: 'CouchDB/1.5.0 (Erlang OTP/R16B03)',
33 verbose headers   'content-type': 'application/json',
33 verbose headers   'cache-control': 'max-age=0',
33 verbose headers   'content-length': '51',
33 verbose headers   'accept-ranges': 'bytes',
33 verbose headers   date: 'Thu, 09 Jul 2015 18:02:35 GMT',
33 verbose headers   via: '1.1 varnish',
33 verbose headers   age: '0',
33 verbose headers   connection: 'keep-alive',
33 verbose headers   'x-served-by': 'cache-ams4132-AMS',
33 verbose headers   'x-cache': 'MISS',
33 verbose headers   'x-cache-hits': '0',
33 verbose headers   'x-timer': 'S1436464954.656383,VS0,VE689' }
34 silly registry.get cb [ 404,
34 silly registry.get   { server: 'CouchDB/1.5.0 (Erlang OTP/R16B03)',
34 silly registry.get     'content-type': 'application/json',
34 silly registry.get     'cache-control': 'max-age=0',
34 silly registry.get     'content-length': '51',
34 silly registry.get     'accept-ranges': 'bytes',
34 silly registry.get     date: 'Thu, 09 Jul 2015 18:02:35 GMT',
34 silly registry.get     via: '1.1 varnish',
34 silly registry.get     age: '0',
34 silly registry.get     connection: 'keep-alive',
34 silly registry.get     'x-served-by': 'cache-ams4132-AMS',
34 silly registry.get     'x-cache': 'MISS',
34 silly registry.get     'x-cache-hits': '0',
34 silly registry.get     'x-timer': 'S1436464954.656383,VS0,VE689' } ]
35 silly lockFile eac8706f-chaijs chaijs@
36 silly lockFile eac8706f-chaijs chaijs@
37 error 404 404 Not Found: chaijs
37 error 404
37 error 404 'chaijs' is not in the npm registry.
37 error 404 You should bug the author to publish it
37 error 404 It was specified as a dependency of 'node-github-autopool'
37 error 404
37 error 404 Note that you can also install from a
37 error 404 tarball, folder, or http url, or git url.
38 error System Windows_NT 6.2.9200
39 error command "C:\\Program Files (x86)\\nodejs\\\\node.exe" "C:\\Program Files (x86)\\nodejs\\node_modules\\npm\\bin\\npm-cli.js" "i" "--save-dev" "chaijs"
40 error cwd C:\git\node-github-autopool
41 error node -v v0.10.33
42 error npm -v 1.4.28
43 error code E404
44 verbose exit [ 1, true ]
